2025-07-14 19:20:31,982 - Starting print queue monitor for printer: HP_LaserJet_p2015dn_Right
2025-07-14 19:20:31,983 - Checking every 5 seconds
2025-07-14 19:20:31,985 - Unexpected error: [WinError 2] The system cannot find the file specified
2025-07-14 19:20:31,985 - 2025-07-14 19:20:31 - No queue information received
2025-07-14 19:20:36,988 - Unexpected error: [WinError 2] The system cannot find the file specified
2025-07-14 19:20:36,988 - 2025-07-14 19:20:36 - No queue information received
2025-07-14 19:20:41,990 - Unexpected error: [WinError 2] The system cannot find the file specified
2025-07-14 19:20:41,990 - 2025-07-14 19:20:41 - No queue information received
2025-07-14 19:20:46,993 - Unexpected error: [WinError 2] The system cannot find the file specified
2025-07-14 19:20:46,993 - 2025-07-14 19:20:46 - No queue information received
2025-07-14 19:20:51,996 - Unexpected error: [WinError 2] The system cannot find the file specified
2025-07-14 19:20:51,996 - 2025-07-14 19:20:51 - No queue information received
2025-07-14 19:20:56,999 - Unexpected error: [WinError 2] The system cannot find the file specified
2025-07-14 19:20:57,000 - 2025-07-14 19:20:57 - No queue information received
2025-07-14 19:21:02,002 - Unexpected error: [WinError 2] The system cannot find the file specified
2025-07-14 19:21:02,002 - 2025-07-14 19:21:02 - No queue information received
2025-07-14 19:21:07,005 - Unexpected error: [WinError 2] The system cannot find the file specified
2025-07-14 19:21:07,005 - 2025-07-14 19:21:07 - No queue information received
2025-07-14 19:21:12,008 - Unexpected error: [WinError 2] The system cannot find the file specified
2025-07-14 19:21:12,008 - 2025-07-14 19:21:12 - No queue information received
2025-07-14 19:21:17,011 - Unexpected error: [WinError 2] The system cannot find the file specified
2025-07-14 19:21:17,012 - 2025-07-14 19:21:17 - No queue information received
2025-07-14 19:21:22,015 - Unexpected error: [WinError 2] The system cannot find the file specified
2025-07-14 19:21:22,015 - 2025-07-14 19:21:22 - No queue information received
2025-07-14 19:21:27,018 - Unexpected error: [WinError 2] The system cannot find the file specified
2025-07-14 19:21:27,018 - 2025-07-14 19:21:27 - No queue information received
2025-07-14 19:21:32,021 - Unexpected error: [WinError 2] The system cannot find the file specified
2025-07-14 19:21:32,021 - 2025-07-14 19:21:32 - No queue information received
2025-07-14 19:21:37,026 - Unexpected error: [WinError 2] The system cannot find the file specified
2025-07-14 19:21:37,026 - 2025-07-14 19:21:37 - No queue information received
2025-07-14 19:21:42,029 - Unexpected error: [WinError 2] The system cannot find the file specified
2025-07-14 19:21:42,029 - 2025-07-14 19:21:42 - No queue information received
2025-07-14 19:21:47,033 - Unexpected error: [WinError 2] The system cannot find the file specified
2025-07-14 19:21:47,033 - 2025-07-14 19:21:47 - No queue information received
2025-07-14 19:21:52,036 - Unexpected error: [WinError 2] The system cannot find the file specified
2025-07-14 19:21:52,036 - 2025-07-14 19:21:52 - No queue information received
2025-07-14 19:21:57,039 - Unexpected error: [WinError 2] The system cannot find the file specified
2025-07-14 19:21:57,039 - 2025-07-14 19:21:57 - No queue information received
2025-07-14 19:22:02,043 - Unexpected error: [WinError 2] The system cannot find the file specified
2025-07-14 19:22:02,043 - 2025-07-14 19:22:02 - No queue information received
2025-07-14 19:22:07,046 - Unexpected error: [WinError 2] The system cannot find the file specified
2025-07-14 19:22:07,046 - 2025-07-14 19:22:07 - No queue information received
2025-07-14 19:22:12,050 - Unexpected error: [WinError 2] The system cannot find the file specified
2025-07-14 19:22:12,051 - 2025-07-14 19:22:12 - No queue information received
2025-07-14 19:22:17,057 - Unexpected error: [WinError 2] The system cannot find the file specified
2025-07-14 19:22:17,058 - 2025-07-14 19:22:17 - No queue information received
2025-07-14 19:22:22,063 - Unexpected error: [WinError 2] The system cannot find the file specified
2025-07-14 19:22:22,063 - 2025-07-14 19:22:22 - No queue information received
2025-07-14 19:22:27,066 - Unexpected error: [WinError 2] The system cannot find the file specified
2025-07-14 19:22:27,066 - 2025-07-14 19:22:27 - No queue information received
2025-07-14 19:22:32,070 - Unexpected error: [WinError 2] The system cannot find the file specified
2025-07-14 19:22:32,070 - 2025-07-14 19:22:32 - No queue information received
2025-07-14 19:22:37,073 - Unexpected error: [WinError 2] The system cannot find the file specified
2025-07-14 19:22:37,073 - 2025-07-14 19:22:37 - No queue information received
2025-07-14 19:22:42,079 - Unexpected error: [WinError 2] The system cannot find the file specified
2025-07-14 19:22:42,080 - 2025-07-14 19:22:42 - No queue information received
2025-07-14 19:22:47,083 - Unexpected error: [WinError 2] The system cannot find the file specified
2025-07-14 19:22:47,083 - 2025-07-14 19:22:47 - No queue information received
2025-07-14 19:22:52,087 - Unexpected error: [WinError 2] The system cannot find the file specified
2025-07-14 19:22:52,087 - 2025-07-14 19:22:52 - No queue information received
2025-07-14 19:22:57,090 - Unexpected error: [WinError 2] The system cannot find the file specified
2025-07-14 19:22:57,090 - 2025-07-14 19:22:57 - No queue information received
2025-07-14 19:23:02,093 - Unexpected error: [WinError 2] The system cannot find the file specified
2025-07-14 19:23:02,094 - 2025-07-14 19:23:02 - No queue information received
2025-07-14 19:23:07,098 - Unexpected error: [WinError 2] The system cannot find the file specified
2025-07-14 19:23:07,098 - 2025-07-14 19:23:07 - No queue information received
2025-07-14 19:23:12,101 - Unexpected error: [WinError 2] The system cannot find the file specified
2025-07-14 19:23:12,101 - 2025-07-14 19:23:12 - No queue information received
2025-07-14 19:23:17,104 - Unexpected error: [WinError 2] The system cannot find the file specified
2025-07-14 19:23:17,104 - 2025-07-14 19:23:17 - No queue information received
2025-07-14 19:23:22,108 - Unexpected error: [WinError 2] The system cannot find the file specified
2025-07-14 19:23:22,108 - 2025-07-14 19:23:22 - No queue information received
2025-07-14 19:23:27,111 - Unexpected error: [WinError 2] The system cannot find the file specified
2025-07-14 19:23:27,111 - 2025-07-14 19:23:27 - No queue information received
2025-07-14 19:23:32,115 - Unexpected error: [WinError 2] The system cannot find the file specified
2025-07-14 19:23:32,115 - 2025-07-14 19:23:32 - No queue information received
2025-07-14 19:23:37,118 - Unexpected error: [WinError 2] The system cannot find the file specified
2025-07-14 19:23:37,118 - 2025-07-14 19:23:37 - No queue information received
2025-07-14 19:23:42,121 - Unexpected error: [WinError 2] The system cannot find the file specified
2025-07-14 19:23:42,121 - 2025-07-14 19:23:42 - No queue information received
2025-07-14 19:23:47,124 - Unexpected error: [WinError 2] The system cannot find the file specified
2025-07-14 19:23:47,125 - 2025-07-14 19:23:47 - No queue information received
2025-07-14 19:23:52,127 - Unexpected error: [WinError 2] The system cannot find the file specified
2025-07-14 19:23:52,128 - 2025-07-14 19:23:52 - No queue information received
2025-07-14 19:23:57,130 - Unexpected error: [WinError 2] The system cannot find the file specified
2025-07-14 19:23:57,131 - 2025-07-14 19:23:57 - No queue information received
2025-07-14 19:24:02,134 - Unexpected error: [WinError 2] The system cannot find the file specified
2025-07-14 19:24:02,134 - 2025-07-14 19:24:02 - No queue information received
2025-07-14 19:24:07,137 - Unexpected error: [WinError 2] The system cannot find the file specified
2025-07-14 19:24:07,137 - 2025-07-14 19:24:07 - No queue information received
2025-07-14 19:24:12,140 - Unexpected error: [WinError 2] The system cannot find the file specified
2025-07-14 19:24:12,140 - 2025-07-14 19:24:12 - No queue information received
2025-07-14 19:24:17,143 - Unexpected error: [WinError 2] The system cannot find the file specified
2025-07-14 19:24:17,143 - 2025-07-14 19:24:17 - No queue information received
2025-07-14 19:24:22,146 - Unexpected error: [WinError 2] The system cannot find the file specified
2025-07-14 19:24:22,147 - 2025-07-14 19:24:22 - No queue information received
2025-07-14 19:24:27,149 - Unexpected error: [WinError 2] The system cannot find the file specified
2025-07-14 19:24:27,150 - 2025-07-14 19:24:27 - No queue information received
2025-07-14 19:24:32,152 - Unexpected error: [WinError 2] The system cannot find the file specified
2025-07-14 19:24:32,153 - 2025-07-14 19:24:32 - No queue information received
2025-07-14 19:24:37,156 - Unexpected error: [WinError 2] The system cannot find the file specified
2025-07-14 19:24:37,156 - 2025-07-14 19:24:37 - No queue information received
2025-07-14 19:24:42,160 - Unexpected error: [WinError 2] The system cannot find the file specified
2025-07-14 19:24:42,161 - 2025-07-14 19:24:42 - No queue information received
2025-07-14 19:24:47,164 - Unexpected error: [WinError 2] The system cannot find the file specified
2025-07-14 19:24:47,165 - 2025-07-14 19:24:47 - No queue information received
2025-07-14 19:24:52,168 - Unexpected error: [WinError 2] The system cannot find the file specified
2025-07-14 19:24:52,168 - 2025-07-14 19:24:52 - No queue information received
2025-07-14 19:24:57,171 - Unexpected error: [WinError 2] The system cannot find the file specified
2025-07-14 19:24:57,171 - 2025-07-14 19:24:57 - No queue information received
2025-07-14 19:25:02,174 - Unexpected error: [WinError 2] The system cannot find the file specified
2025-07-14 19:25:02,174 - 2025-07-14 19:25:02 - No queue information received
2025-07-14 19:25:07,178 - Unexpected error: [WinError 2] The system cannot find the file specified
2025-07-14 19:25:07,178 - 2025-07-14 19:25:07 - No queue information received
2025-07-14 19:25:12,182 - Unexpected error: [WinError 2] The system cannot find the file specified
2025-07-14 19:25:12,183 - 2025-07-14 19:25:12 - No queue information received
2025-07-14 19:25:17,185 - Unexpected error: [WinError 2] The system cannot find the file specified
2025-07-14 19:25:17,185 - 2025-07-14 19:25:17 - No queue information received
2025-07-14 19:25:22,189 - Unexpected error: [WinError 2] The system cannot find the file specified
2025-07-14 19:25:22,189 - 2025-07-14 19:25:22 - No queue information received
2025-07-14 19:25:27,192 - Unexpected error: [WinError 2] The system cannot find the file specified
2025-07-14 19:25:27,192 - 2025-07-14 19:25:27 - No queue information received
2025-07-14 19:25:32,195 - Unexpected error: [WinError 2] The system cannot find the file specified
2025-07-14 19:25:32,195 - 2025-07-14 19:25:32 - No queue information received
2025-07-14 19:25:37,198 - Unexpected error: [WinError 2] The system cannot find the file specified
2025-07-14 19:25:37,198 - 2025-07-14 19:25:37 - No queue information received
2025-07-14 19:25:42,201 - Unexpected error: [WinError 2] The system cannot find the file specified
2025-07-14 19:25:42,201 - 2025-07-14 19:25:42 - No queue information received
2025-07-14 19:25:47,205 - Unexpected error: [WinError 2] The system cannot find the file specified
2025-07-14 19:25:47,205 - 2025-07-14 19:25:47 - No queue information received
2025-07-14 19:25:52,209 - Unexpected error: [WinError 2] The system cannot find the file specified
2025-07-14 19:25:52,209 - 2025-07-14 19:25:52 - No queue information received
2025-07-14 19:25:57,212 - Unexpected error: [WinError 2] The system cannot find the file specified
2025-07-14 19:25:57,212 - 2025-07-14 19:25:57 - No queue information received
2025-07-14 19:26:02,215 - Unexpected error: [WinError 2] The system cannot find the file specified
2025-07-14 19:26:02,215 - 2025-07-14 19:26:02 - No queue information received
2025-07-14 19:26:07,219 - Unexpected error: [WinError 2] The system cannot find the file specified
2025-07-14 19:26:07,219 - 2025-07-14 19:26:07 - No queue information received
2025-07-14 19:26:12,223 - Unexpected error: [WinError 2] The system cannot find the file specified
2025-07-14 19:26:12,223 - 2025-07-14 19:26:12 - No queue information received
2025-07-14 19:26:17,227 - Unexpected error: [WinError 2] The system cannot find the file specified
2025-07-14 19:26:17,227 - 2025-07-14 19:26:17 - No queue information received
2025-07-14 19:26:22,230 - Unexpected error: [WinError 2] The system cannot find the file specified
2025-07-14 19:26:22,230 - 2025-07-14 19:26:22 - No queue information received
2025-07-14 19:26:27,233 - Unexpected error: [WinError 2] The system cannot find the file specified
2025-07-14 19:26:27,234 - 2025-07-14 19:26:27 - No queue information received
2025-07-14 19:26:32,236 - Unexpected error: [WinError 2] The system cannot find the file specified
2025-07-14 19:26:32,237 - 2025-07-14 19:26:32 - No queue information received
2025-07-14 19:26:37,240 - Unexpected error: [WinError 2] The system cannot find the file specified
2025-07-14 19:26:37,240 - 2025-07-14 19:26:37 - No queue information received
2025-07-14 19:26:42,243 - Unexpected error: [WinError 2] The system cannot find the file specified
2025-07-14 19:26:42,244 - 2025-07-14 19:26:42 - No queue information received
2025-07-14 19:26:47,247 - Unexpected error: [WinError 2] The system cannot find the file specified
2025-07-14 19:26:47,247 - 2025-07-14 19:26:47 - No queue information received
2025-07-14 19:26:52,250 - Unexpected error: [WinError 2] The system cannot find the file specified
2025-07-14 19:26:52,250 - 2025-07-14 19:26:52 - No queue information received
2025-07-14 19:26:57,253 - Unexpected error: [WinError 2] The system cannot find the file specified
2025-07-14 19:26:57,253 - 2025-07-14 19:26:57 - No queue information received
2025-07-14 19:27:02,256 - Unexpected error: [WinError 2] The system cannot find the file specified
2025-07-14 19:27:02,256 - 2025-07-14 19:27:02 - No queue information received
2025-07-14 19:27:07,259 - Unexpected error: [WinError 2] The system cannot find the file specified
2025-07-14 19:27:07,259 - 2025-07-14 19:27:07 - No queue information received
2025-07-14 19:27:12,262 - Unexpected error: [WinError 2] The system cannot find the file specified
2025-07-14 19:27:12,262 - 2025-07-14 19:27:12 - No queue information received
2025-07-14 19:27:17,265 - Unexpected error: [WinError 2] The system cannot find the file specified
2025-07-14 19:27:17,265 - 2025-07-14 19:27:17 - No queue information received
2025-07-14 19:27:22,268 - Unexpected error: [WinError 2] The system cannot find the file specified
2025-07-14 19:27:22,269 - 2025-07-14 19:27:22 - No queue information received
2025-07-14 19:27:27,271 - Unexpected error: [WinError 2] The system cannot find the file specified
2025-07-14 19:27:27,271 - 2025-07-14 19:27:27 - No queue information received
2025-07-14 19:27:32,274 - Unexpected error: [WinError 2] The system cannot find the file specified
2025-07-14 19:27:32,275 - 2025-07-14 19:27:32 - No queue information received
2025-07-14 19:27:37,278 - Unexpected error: [WinError 2] The system cannot find the file specified
2025-07-14 19:27:37,278 - 2025-07-14 19:27:37 - No queue information received
2025-07-14 19:27:42,282 - Unexpected error: [WinError 2] The system cannot find the file specified
2025-07-14 19:27:42,282 - 2025-07-14 19:27:42 - No queue information received
2025-07-14 19:27:47,285 - Unexpected error: [WinError 2] The system cannot find the file specified
2025-07-14 19:27:47,285 - 2025-07-14 19:27:47 - No queue information received
2025-07-14 19:27:52,288 - Unexpected error: [WinError 2] The system cannot find the file specified
2025-07-14 19:27:52,288 - 2025-07-14 19:27:52 - No queue information received
2025-07-14 19:27:57,292 - Unexpected error: [WinError 2] The system cannot find the file specified
2025-07-14 19:27:57,292 - 2025-07-14 19:27:57 - No queue information received
2025-07-14 19:28:02,295 - Unexpected error: [WinError 2] The system cannot find the file specified
2025-07-14 19:28:02,295 - 2025-07-14 19:28:02 - No queue information received
2025-07-14 19:28:07,298 - Unexpected error: [WinError 2] The system cannot find the file specified
2025-07-14 19:28:07,298 - 2025-07-14 19:28:07 - No queue information received
2025-07-14 19:28:12,302 - Unexpected error: [WinError 2] The system cannot find the file specified
2025-07-14 19:28:12,303 - 2025-07-14 19:28:12 - No queue information received
2025-07-14 19:28:17,306 - Unexpected error: [WinError 2] The system cannot find the file specified
2025-07-14 19:28:17,306 - 2025-07-14 19:28:17 - No queue information received
2025-07-14 19:28:22,309 - Unexpected error: [WinError 2] The system cannot find the file specified
2025-07-14 19:28:22,309 - 2025-07-14 19:28:22 - No queue information received
2025-07-14 19:28:27,313 - Unexpected error: [WinError 2] The system cannot find the file specified
2025-07-14 19:28:27,314 - 2025-07-14 19:28:27 - No queue information received
2025-07-14 19:28:32,316 - Unexpected error: [WinError 2] The system cannot find the file specified
2025-07-14 19:28:32,316 - 2025-07-14 19:28:32 - No queue information received
2025-07-14 19:28:37,319 - Unexpected error: [WinError 2] The system cannot find the file specified
2025-07-14 19:28:37,319 - 2025-07-14 19:28:37 - No queue information received
2025-07-14 19:28:42,323 - Unexpected error: [WinError 2] The system cannot find the file specified
2025-07-14 19:28:42,323 - 2025-07-14 19:28:42 - No queue information received
2025-07-14 19:28:47,326 - Unexpected error: [WinError 2] The system cannot find the file specified
2025-07-14 19:28:47,327 - 2025-07-14 19:28:47 - No queue information received
2025-07-14 19:28:52,329 - Unexpected error: [WinError 2] The system cannot find the file specified
2025-07-14 19:28:52,329 - 2025-07-14 19:28:52 - No queue information received
2025-07-14 19:28:57,332 - Unexpected error: [WinError 2] The system cannot find the file specified
2025-07-14 19:28:57,333 - 2025-07-14 19:28:57 - No queue information received
2025-07-14 19:29:02,336 - Unexpected error: [WinError 2] The system cannot find the file specified
2025-07-14 19:29:02,337 - 2025-07-14 19:29:02 - No queue information received
2025-07-14 19:29:07,340 - Unexpected error: [WinError 2] The system cannot find the file specified
2025-07-14 19:29:07,340 - 2025-07-14 19:29:07 - No queue information received
2025-07-14 19:29:12,343 - Unexpected error: [WinError 2] The system cannot find the file specified
2025-07-14 19:29:12,343 - 2025-07-14 19:29:12 - No queue information received
2025-07-14 19:29:17,347 - Unexpected error: [WinError 2] The system cannot find the file specified
2025-07-14 19:29:17,347 - 2025-07-14 19:29:17 - No queue information received
2025-07-14 19:29:22,350 - Unexpected error: [WinError 2] The system cannot find the file specified
2025-07-14 19:29:22,350 - 2025-07-14 19:29:22 - No queue information received
2025-07-14 19:29:27,353 - Unexpected error: [WinError 2] The system cannot find the file specified
2025-07-14 19:29:27,353 - 2025-07-14 19:29:27 - No queue information received
2025-07-14 19:29:32,356 - Unexpected error: [WinError 2] The system cannot find the file specified
2025-07-14 19:29:32,356 - 2025-07-14 19:29:32 - No queue information received
2025-07-14 19:29:37,359 - Unexpected error: [WinError 2] The system cannot find the file specified
2025-07-14 19:29:37,359 - 2025-07-14 19:29:37 - No queue information received
2025-07-14 19:29:42,362 - Unexpected error: [WinError 2] The system cannot find the file specified
2025-07-14 19:29:42,362 - 2025-07-14 19:29:42 - No queue information received
2025-07-14 19:29:47,365 - Unexpected error: [WinError 2] The system cannot find the file specified
2025-07-14 19:29:47,365 - 2025-07-14 19:29:47 - No queue information received
2025-07-14 19:29:52,368 - Unexpected error: [WinError 2] The system cannot find the file specified
2025-07-14 19:29:52,369 - 2025-07-14 19:29:52 - No queue information received
2025-07-14 19:29:57,372 - Unexpected error: [WinError 2] The system cannot find the file specified
2025-07-14 19:29:57,372 - 2025-07-14 19:29:57 - No queue information received
2025-07-14 19:30:02,375 - Unexpected error: [WinError 2] The system cannot find the file specified
2025-07-14 19:30:02,375 - 2025-07-14 19:30:02 - No queue information received
2025-07-14 19:30:07,379 - Unexpected error: [WinError 2] The system cannot find the file specified
2025-07-14 19:30:07,379 - 2025-07-14 19:30:07 - No queue information received
2025-07-14 19:30:12,381 - Unexpected error: [WinError 2] The system cannot find the file specified
2025-07-14 19:30:12,382 - 2025-07-14 19:30:12 - No queue information received
2025-07-14 19:30:17,385 - Unexpected error: [WinError 2] The system cannot find the file specified
2025-07-14 19:30:17,385 - 2025-07-14 19:30:17 - No queue information received
2025-07-14 19:30:22,388 - Unexpected error: [WinError 2] The system cannot find the file specified
2025-07-14 19:30:22,389 - 2025-07-14 19:30:22 - No queue information received
2025-07-14 19:30:27,392 - Unexpected error: [WinError 2] The system cannot find the file specified
2025-07-14 19:30:27,392 - 2025-07-14 19:30:27 - No queue information received
2025-07-14 19:30:32,395 - Unexpected error: [WinError 2] The system cannot find the file specified
2025-07-14 19:30:32,396 - 2025-07-14 19:30:32 - No queue information received
2025-07-14 19:30:37,399 - Unexpected error: [WinError 2] The system cannot find the file specified
2025-07-14 19:30:37,399 - 2025-07-14 19:30:37 - No queue information received
2025-07-14 19:30:42,401 - Unexpected error: [WinError 2] The system cannot find the file specified
2025-07-14 19:30:42,402 - 2025-07-14 19:30:42 - No queue information received
2025-07-14 19:30:47,404 - Unexpected error: [WinError 2] The system cannot find the file specified
2025-07-14 19:30:47,404 - 2025-07-14 19:30:47 - No queue information received
2025-07-14 19:30:52,408 - Unexpected error: [WinError 2] The system cannot find the file specified
2025-07-14 19:30:52,408 - 2025-07-14 19:30:52 - No queue information received
2025-07-14 19:30:57,411 - Unexpected error: [WinError 2] The system cannot find the file specified
2025-07-14 19:30:57,412 - 2025-07-14 19:30:57 - No queue information received
2025-07-14 19:31:02,415 - Unexpected error: [WinError 2] The system cannot find the file specified
2025-07-14 19:31:02,415 - 2025-07-14 19:31:02 - No queue information received
2025-07-14 19:31:07,418 - Unexpected error: [WinError 2] The system cannot find the file specified
2025-07-14 19:31:07,418 - 2025-07-14 19:31:07 - No queue information received
2025-07-14 19:31:12,422 - Unexpected error: [WinError 2] The system cannot find the file specified
2025-07-14 19:31:12,422 - 2025-07-14 19:31:12 - No queue information received
2025-07-14 19:31:17,425 - Unexpected error: [WinError 2] The system cannot find the file specified
2025-07-14 19:31:17,425 - 2025-07-14 19:31:17 - No queue information received
2025-07-14 19:31:22,428 - Unexpected error: [WinError 2] The system cannot find the file specified
2025-07-14 19:31:22,428 - 2025-07-14 19:31:22 - No queue information received
2025-07-14 19:31:27,431 - Unexpected error: [WinError 2] The system cannot find the file specified
2025-07-14 19:31:27,431 - 2025-07-14 19:31:27 - No queue information received
2025-07-14 19:31:32,435 - Unexpected error: [WinError 2] The system cannot find the file specified
2025-07-14 19:31:32,435 - 2025-07-14 19:31:32 - No queue information received
2025-07-14 19:31:37,439 - Unexpected error: [WinError 2] The system cannot find the file specified
2025-07-14 19:31:37,439 - 2025-07-14 19:31:37 - No queue information received
2025-07-14 19:31:42,442 - Unexpected error: [WinError 2] The system cannot find the file specified
2025-07-14 19:31:42,442 - 2025-07-14 19:31:42 - No queue information received
2025-07-14 19:31:47,445 - Unexpected error: [WinError 2] The system cannot find the file specified
2025-07-14 19:31:47,445 - 2025-07-14 19:31:47 - No queue information received
2025-07-14 19:31:52,448 - Unexpected error: [WinError 2] The system cannot find the file specified
2025-07-14 19:31:52,449 - 2025-07-14 19:31:52 - No queue information received
2025-07-14 19:31:57,452 - Unexpected error: [WinError 2] The system cannot find the file specified
2025-07-14 19:31:57,452 - 2025-07-14 19:31:57 - No queue information received
2025-07-14 19:32:02,455 - Unexpected error: [WinError 2] The system cannot find the file specified
2025-07-14 19:32:02,455 - 2025-07-14 19:32:02 - No queue information received
2025-07-14 19:32:07,459 - Unexpected error: [WinError 2] The system cannot find the file specified
2025-07-14 19:32:07,459 - 2025-07-14 19:32:07 - No queue information received
2025-07-14 19:32:12,461 - Unexpected error: [WinError 2] The system cannot find the file specified
2025-07-14 19:32:12,462 - 2025-07-14 19:32:12 - No queue information received
2025-07-14 19:32:17,465 - Unexpected error: [WinError 2] The system cannot find the file specified
2025-07-14 19:32:17,465 - 2025-07-14 19:32:17 - No queue information received
2025-07-14 19:32:22,468 - Unexpected error: [WinError 2] The system cannot find the file specified
2025-07-14 19:32:22,469 - 2025-07-14 19:32:22 - No queue information received
2025-07-14 19:32:27,472 - Unexpected error: [WinError 2] The system cannot find the file specified
2025-07-14 19:32:27,472 - 2025-07-14 19:32:27 - No queue information received
2025-07-14 19:32:32,475 - Unexpected error: [WinError 2] The system cannot find the file specified
2025-07-14 19:32:32,476 - 2025-07-14 19:32:32 - No queue information received
2025-07-14 19:32:37,478 - Unexpected error: [WinError 2] The system cannot find the file specified
2025-07-14 19:32:37,478 - 2025-07-14 19:32:37 - No queue information received
2025-07-14 19:32:42,481 - Unexpected error: [WinError 2] The system cannot find the file specified
2025-07-14 19:32:42,481 - 2025-07-14 19:32:42 - No queue information received
2025-07-14 19:32:47,484 - Unexpected error: [WinError 2] The system cannot find the file specified
2025-07-14 19:32:47,485 - 2025-07-14 19:32:47 - No queue information received
2025-07-14 19:32:52,488 - Unexpected error: [WinError 2] The system cannot find the file specified
2025-07-14 19:32:52,488 - 2025-07-14 19:32:52 - No queue information received
2025-07-14 19:32:57,491 - Unexpected error: [WinError 2] The system cannot find the file specified
2025-07-14 19:32:57,492 - 2025-07-14 19:32:57 - No queue information received
2025-07-14 19:33:02,495 - Unexpected error: [WinError 2] The system cannot find the file specified
2025-07-14 19:33:02,495 - 2025-07-14 19:33:02 - No queue information received
2025-07-14 19:33:07,498 - Unexpected error: [WinError 2] The system cannot find the file specified
2025-07-14 19:33:07,498 - 2025-07-14 19:33:07 - No queue information received
2025-07-14 19:33:12,501 - Unexpected error: [WinError 2] The system cannot find the file specified
2025-07-14 19:33:12,501 - 2025-07-14 19:33:12 - No queue information received
2025-07-14 19:33:17,504 - Unexpected error: [WinError 2] The system cannot find the file specified
2025-07-14 19:33:17,504 - 2025-07-14 19:33:17 - No queue information received
2025-07-14 19:33:22,507 - Unexpected error: [WinError 2] The system cannot find the file specified
2025-07-14 19:33:22,507 - 2025-07-14 19:33:22 - No queue information received
2025-07-14 19:33:27,511 - Unexpected error: [WinError 2] The system cannot find the file specified
2025-07-14 19:33:27,511 - 2025-07-14 19:33:27 - No queue information received
2025-07-14 19:33:32,514 - Unexpected error: [WinError 2] The system cannot find the file specified
2025-07-14 19:33:32,514 - 2025-07-14 19:33:32 - No queue information received
2025-07-14 19:33:37,517 - Unexpected error: [WinError 2] The system cannot find the file specified
2025-07-14 19:33:37,517 - 2025-07-14 19:33:37 - No queue information received
2025-07-14 19:33:42,520 - Unexpected error: [WinError 2] The system cannot find the file specified
2025-07-14 19:33:42,520 - 2025-07-14 19:33:42 - No queue information received
2025-07-14 19:33:47,523 - Unexpected error: [WinError 2] The system cannot find the file specified
2025-07-14 19:33:47,523 - 2025-07-14 19:33:47 - No queue information received
2025-07-14 19:33:52,526 - Unexpected error: [WinError 2] The system cannot find the file specified
2025-07-14 19:33:52,526 - 2025-07-14 19:33:52 - No queue information received
2025-07-14 19:33:57,529 - Unexpected error: [WinError 2] The system cannot find the file specified
2025-07-14 19:33:57,529 - 2025-07-14 19:33:57 - No queue information received
2025-07-14 19:34:02,532 - Unexpected error: [WinError 2] The system cannot find the file specified
2025-07-14 19:34:02,532 - 2025-07-14 19:34:02 - No queue information received
2025-07-14 19:34:07,535 - Unexpected error: [WinError 2] The system cannot find the file specified
2025-07-14 19:34:07,535 - 2025-07-14 19:34:07 - No queue information received
2025-07-14 19:34:12,538 - Unexpected error: [WinError 2] The system cannot find the file specified
2025-07-14 19:34:12,538 - 2025-07-14 19:34:12 - No queue information received
2025-07-14 19:34:17,540 - Unexpected error: [WinError 2] The system cannot find the file specified
2025-07-14 19:34:17,540 - 2025-07-14 19:34:17 - No queue information received
2025-07-14 19:34:22,543 - Unexpected error: [WinError 2] The system cannot find the file specified
2025-07-14 19:34:22,544 - 2025-07-14 19:34:22 - No queue information received
2025-07-14 19:34:27,546 - Unexpected error: [WinError 2] The system cannot find the file specified
2025-07-14 19:34:27,546 - 2025-07-14 19:34:27 - No queue information received
2025-07-14 19:34:32,549 - Unexpected error: [WinError 2] The system cannot find the file specified
2025-07-14 19:34:32,549 - 2025-07-14 19:34:32 - No queue information received
2025-07-14 19:34:37,552 - Unexpected error: [WinError 2] The system cannot find the file specified
2025-07-14 19:34:37,552 - 2025-07-14 19:34:37 - No queue information received
2025-07-14 19:34:42,554 - Unexpected error: [WinError 2] The system cannot find the file specified
2025-07-14 19:34:42,554 - 2025-07-14 19:34:42 - No queue information received
2025-07-14 19:34:47,557 - Unexpected error: [WinError 2] The system cannot find the file specified
2025-07-14 19:34:47,557 - 2025-07-14 19:34:47 - No queue information received
2025-07-14 19:34:52,560 - Unexpected error: [WinError 2] The system cannot find the file specified
2025-07-14 19:34:52,560 - 2025-07-14 19:34:52 - No queue information received
2025-07-14 19:34:57,563 - Unexpected error: [WinError 2] The system cannot find the file specified
2025-07-14 19:34:57,564 - 2025-07-14 19:34:57 - No queue information received
2025-07-14 19:35:02,567 - Unexpected error: [WinError 2] The system cannot find the file specified
2025-07-14 19:35:02,567 - 2025-07-14 19:35:02 - No queue information received
2025-07-14 19:35:07,570 - Unexpected error: [WinError 2] The system cannot find the file specified
2025-07-14 19:35:07,570 - 2025-07-14 19:35:07 - No queue information received
2025-07-14 19:35:12,572 - Unexpected error: [WinError 2] The system cannot find the file specified
2025-07-14 19:35:12,573 - 2025-07-14 19:35:12 - No queue information received
2025-07-14 19:35:17,576 - Unexpected error: [WinError 2] The system cannot find the file specified
2025-07-14 19:35:17,576 - 2025-07-14 19:35:17 - No queue information received
2025-07-14 19:35:22,578 - Unexpected error: [WinError 2] The system cannot find the file specified
2025-07-14 19:35:22,578 - 2025-07-14 19:35:22 - No queue information received
2025-07-14 19:35:27,581 - Unexpected error: [WinError 2] The system cannot find the file specified
2025-07-14 19:35:27,581 - 2025-07-14 19:35:27 - No queue information received
2025-07-14 19:35:32,583 - Unexpected error: [WinError 2] The system cannot find the file specified
2025-07-14 19:35:32,583 - 2025-07-14 19:35:32 - No queue information received
2025-07-14 19:35:37,586 - Unexpected error: [WinError 2] The system cannot find the file specified
2025-07-14 19:35:37,586 - 2025-07-14 19:35:37 - No queue information received
2025-07-14 19:35:42,588 - Unexpected error: [WinError 2] The system cannot find the file specified
2025-07-14 19:35:42,589 - 2025-07-14 19:35:42 - No queue information received
2025-07-14 19:35:47,591 - Unexpected error: [WinError 2] The system cannot find the file specified
2025-07-14 19:35:47,591 - 2025-07-14 19:35:47 - No queue information received
2025-07-14 19:35:52,594 - Unexpected error: [WinError 2] The system cannot find the file specified
2025-07-14 19:35:52,594 - 2025-07-14 19:35:52 - No queue information received
2025-07-14 19:35:57,596 - Unexpected error: [WinError 2] The system cannot find the file specified
2025-07-14 19:35:57,596 - 2025-07-14 19:35:57 - No queue information received
2025-07-14 19:36:02,599 - Unexpected error: [WinError 2] The system cannot find the file specified
2025-07-14 19:36:02,599 - 2025-07-14 19:36:02 - No queue information received
2025-07-14 19:36:07,602 - Unexpected error: [WinError 2] The system cannot find the file specified
2025-07-14 19:36:07,602 - 2025-07-14 19:36:07 - No queue information received
2025-07-14 19:36:12,605 - Unexpected error: [WinError 2] The system cannot find the file specified
2025-07-14 19:36:12,605 - 2025-07-14 19:36:12 - No queue information received
2025-07-14 19:36:17,607 - Unexpected error: [WinError 2] The system cannot find the file specified
2025-07-14 19:36:17,608 - 2025-07-14 19:36:17 - No queue information received
2025-07-14 19:36:22,610 - Unexpected error: [WinError 2] The system cannot find the file specified
2025-07-14 19:36:22,610 - 2025-07-14 19:36:22 - No queue information received
2025-07-14 19:36:27,612 - Unexpected error: [WinError 2] The system cannot find the file specified
2025-07-14 19:36:27,613 - 2025-07-14 19:36:27 - No queue information received
2025-07-14 19:36:32,615 - Unexpected error: [WinError 2] The system cannot find the file specified
2025-07-14 19:36:32,615 - 2025-07-14 19:36:32 - No queue information received
2025-07-14 19:36:37,618 - Unexpected error: [WinError 2] The system cannot find the file specified
2025-07-14 19:36:37,618 - 2025-07-14 19:36:37 - No queue information received
2025-07-14 19:36:42,620 - Unexpected error: [WinError 2] The system cannot find the file specified
2025-07-14 19:36:42,621 - 2025-07-14 19:36:42 - No queue information received
2025-07-14 19:36:47,623 - Unexpected error: [WinError 2] The system cannot find the file specified
2025-07-14 19:36:47,624 - 2025-07-14 19:36:47 - No queue information received
2025-07-14 19:36:52,626 - Unexpected error: [WinError 2] The system cannot find the file specified
2025-07-14 19:36:52,626 - 2025-07-14 19:36:52 - No queue information received
2025-07-14 19:36:57,629 - Unexpected error: [WinError 2] The system cannot find the file specified
2025-07-14 19:36:57,629 - 2025-07-14 19:36:57 - No queue information received
2025-07-14 19:37:02,631 - Unexpected error: [WinError 2] The system cannot find the file specified
2025-07-14 19:37:02,631 - 2025-07-14 19:37:02 - No queue information received
2025-07-14 19:37:07,634 - Unexpected error: [WinError 2] The system cannot find the file specified
2025-07-14 19:37:07,634 - 2025-07-14 19:37:07 - No queue information received
2025-07-14 19:37:12,637 - Unexpected error: [WinError 2] The system cannot find the file specified
2025-07-14 19:37:12,638 - 2025-07-14 19:37:12 - No queue information received
2025-07-14 19:37:17,641 - Unexpected error: [WinError 2] The system cannot find the file specified
2025-07-14 19:37:17,641 - 2025-07-14 19:37:17 - No queue information received
2025-07-14 19:37:22,643 - Unexpected error: [WinError 2] The system cannot find the file specified
2025-07-14 19:37:22,644 - 2025-07-14 19:37:22 - No queue information received
2025-07-14 19:37:27,647 - Unexpected error: [WinError 2] The system cannot find the file specified
2025-07-14 19:37:27,647 - 2025-07-14 19:37:27 - No queue information received
2025-07-14 19:37:32,650 - Unexpected error: [WinError 2] The system cannot find the file specified
2025-07-14 19:37:32,650 - 2025-07-14 19:37:32 - No queue information received
2025-07-14 19:37:37,653 - Unexpected error: [WinError 2] The system cannot find the file specified
2025-07-14 19:37:37,653 - 2025-07-14 19:37:37 - No queue information received
2025-07-14 19:37:42,656 - Unexpected error: [WinError 2] The system cannot find the file specified
2025-07-14 19:37:42,656 - 2025-07-14 19:37:42 - No queue information received
2025-07-14 19:37:47,659 - Unexpected error: [WinError 2] The system cannot find the file specified
2025-07-14 19:37:47,659 - 2025-07-14 19:37:47 - No queue information received
2025-07-14 19:37:52,662 - Unexpected error: [WinError 2] The system cannot find the file specified
2025-07-14 19:37:52,662 - 2025-07-14 19:37:52 - No queue information received
2025-07-14 19:37:57,664 - Unexpected error: [WinError 2] The system cannot find the file specified
2025-07-14 19:37:57,665 - 2025-07-14 19:37:57 - No queue information received
2025-07-14 19:38:02,667 - Unexpected error: [WinError 2] The system cannot find the file specified
2025-07-14 19:38:02,667 - 2025-07-14 19:38:02 - No queue information received
2025-07-14 19:38:07,669 - Unexpected error: [WinError 2] The system cannot find the file specified
2025-07-14 19:38:07,669 - 2025-07-14 19:38:07 - No queue information received
2025-07-14 19:38:12,672 - Unexpected error: [WinError 2] The system cannot find the file specified
2025-07-14 19:38:12,672 - 2025-07-14 19:38:12 - No queue information received
2025-07-14 19:38:17,675 - Unexpected error: [WinError 2] The system cannot find the file specified
2025-07-14 19:38:17,676 - 2025-07-14 19:38:17 - No queue information received
2025-07-14 19:38:22,679 - Unexpected error: [WinError 2] The system cannot find the file specified
2025-07-14 19:38:22,679 - 2025-07-14 19:38:22 - No queue information received
2025-07-14 19:38:27,682 - Unexpected error: [WinError 2] The system cannot find the file specified
2025-07-14 19:38:27,682 - 2025-07-14 19:38:27 - No queue information received
2025-07-14 19:38:32,686 - Unexpected error: [WinError 2] The system cannot find the file specified
2025-07-14 19:38:32,687 - 2025-07-14 19:38:32 - No queue information received
2025-07-14 19:38:37,690 - Unexpected error: [WinError 2] The system cannot find the file specified
2025-07-14 19:38:37,690 - 2025-07-14 19:38:37 - No queue information received
2025-07-14 19:38:42,693 - Unexpected error: [WinError 2] The system cannot find the file specified
2025-07-14 19:38:42,693 - 2025-07-14 19:38:42 - No queue information received
2025-07-14 19:38:47,696 - Unexpected error: [WinError 2] The system cannot find the file specified
2025-07-14 19:38:47,696 - 2025-07-14 19:38:47 - No queue information received
2025-07-14 19:38:52,699 - Unexpected error: [WinError 2] The system cannot find the file specified
2025-07-14 19:38:52,700 - 2025-07-14 19:38:52 - No queue information received
2025-07-14 19:38:57,703 - Unexpected error: [WinError 2] The system cannot find the file specified
2025-07-14 19:38:57,703 - 2025-07-14 19:38:57 - No queue information received
2025-07-14 19:39:02,706 - Unexpected error: [WinError 2] The system cannot find the file specified
2025-07-14 19:39:02,706 - 2025-07-14 19:39:02 - No queue information received
2025-07-14 19:39:07,709 - Unexpected error: [WinError 2] The system cannot find the file specified
2025-07-14 19:39:07,710 - 2025-07-14 19:39:07 - No queue information received
2025-07-14 19:39:12,713 - Unexpected error: [WinError 2] The system cannot find the file specified
2025-07-14 19:39:12,713 - 2025-07-14 19:39:12 - No queue information received
2025-07-14 19:39:17,715 - Unexpected error: [WinError 2] The system cannot find the file specified
2025-07-14 19:39:17,716 - 2025-07-14 19:39:17 - No queue information received
2025-07-14 19:39:22,720 - Unexpected error: [WinError 2] The system cannot find the file specified
2025-07-14 19:39:22,720 - 2025-07-14 19:39:22 - No queue information received
2025-07-14 19:39:27,723 - Unexpected error: [WinError 2] The system cannot find the file specified
2025-07-14 19:39:27,724 - 2025-07-14 19:39:27 - No queue information received
2025-07-14 19:39:32,726 - Unexpected error: [WinError 2] The system cannot find the file specified
2025-07-14 19:39:32,727 - 2025-07-14 19:39:32 - No queue information received
2025-07-14 19:39:37,730 - Unexpected error: [WinError 2] The system cannot find the file specified
2025-07-14 19:39:37,730 - 2025-07-14 19:39:37 - No queue information received
2025-07-14 19:39:42,733 - Unexpected error: [WinError 2] The system cannot find the file specified
2025-07-14 19:39:42,733 - 2025-07-14 19:39:42 - No queue information received
2025-07-14 19:39:47,737 - Unexpected error: [WinError 2] The system cannot find the file specified
2025-07-14 19:39:47,737 - 2025-07-14 19:39:47 - No queue information received
2025-07-14 19:39:52,740 - Unexpected error: [WinError 2] The system cannot find the file specified
2025-07-14 19:39:52,741 - 2025-07-14 19:39:52 - No queue information received
2025-07-14 19:39:57,744 - Unexpected error: [WinError 2] The system cannot find the file specified
2025-07-14 19:39:57,744 - 2025-07-14 19:39:57 - No queue information received
2025-07-14 19:40:02,747 - Unexpected error: [WinError 2] The system cannot find the file specified
2025-07-14 19:40:02,748 - 2025-07-14 19:40:02 - No queue information received
2025-07-14 19:40:07,750 - Unexpected error: [WinError 2] The system cannot find the file specified
2025-07-14 19:40:07,751 - 2025-07-14 19:40:07 - No queue information received
2025-07-14 19:40:12,753 - Unexpected error: [WinError 2] The system cannot find the file specified
2025-07-14 19:40:12,753 - 2025-07-14 19:40:12 - No queue information received
2025-07-14 19:40:17,757 - Unexpected error: [WinError 2] The system cannot find the file specified
2025-07-14 19:40:17,757 - 2025-07-14 19:40:17 - No queue information received
2025-07-14 19:40:22,760 - Unexpected error: [WinError 2] The system cannot find the file specified
2025-07-14 19:40:22,761 - 2025-07-14 19:40:22 - No queue information received
2025-07-14 19:40:27,764 - Unexpected error: [WinError 2] The system cannot find the file specified
2025-07-14 19:40:27,764 - 2025-07-14 19:40:27 - No queue information received
2025-07-14 19:40:32,767 - Unexpected error: [WinError 2] The system cannot find the file specified
2025-07-14 19:40:32,767 - 2025-07-14 19:40:32 - No queue information received
2025-07-14 19:40:37,770 - Unexpected error: [WinError 2] The system cannot find the file specified
2025-07-14 19:40:37,770 - 2025-07-14 19:40:37 - No queue information received
2025-07-14 19:40:42,773 - Unexpected error: [WinError 2] The system cannot find the file specified
2025-07-14 19:40:42,773 - 2025-07-14 19:40:42 - No queue information received
2025-07-14 19:40:47,776 - Unexpected error: [WinError 2] The system cannot find the file specified
2025-07-14 19:40:47,777 - 2025-07-14 19:40:47 - No queue information received
2025-07-14 19:40:52,780 - Unexpected error: [WinError 2] The system cannot find the file specified
2025-07-14 19:40:52,780 - 2025-07-14 19:40:52 - No queue information received
2025-07-14 19:40:55,098 - Monitoring stopped by user
2025-07-14 19:40:57,453 - Starting print queue monitor for printer: right-printer
2025-07-14 19:40:57,453 - Checking every 5 seconds
2025-07-14 19:40:57,456 - Unexpected error: [WinError 2] The system cannot find the file specified
2025-07-14 19:40:57,456 - 2025-07-14 19:40:57 - No queue information received
2025-07-14 19:41:02,458 - Unexpected error: [WinError 2] The system cannot find the file specified
2025-07-14 19:41:02,458 - 2025-07-14 19:41:02 - No queue information received
2025-07-14 19:41:07,461 - Unexpected error: [WinError 2] The system cannot find the file specified
2025-07-14 19:41:07,461 - 2025-07-14 19:41:07 - No queue information received
2025-07-14 19:41:12,464 - Unexpected error: [WinError 2] The system cannot find the file specified
2025-07-14 19:41:12,464 - 2025-07-14 19:41:12 - No queue information received
2025-07-14 19:41:17,467 - Unexpected error: [WinError 2] The system cannot find the file specified
2025-07-14 19:41:17,468 - 2025-07-14 19:41:17 - No queue information received
2025-07-14 19:41:22,471 - Unexpected error: [WinError 2] The system cannot find the file specified
2025-07-14 19:41:22,471 - 2025-07-14 19:41:22 - No queue information received
2025-07-14 19:41:27,474 - Unexpected error: [WinError 2] The system cannot find the file specified
2025-07-14 19:41:27,475 - 2025-07-14 19:41:27 - No queue information received
2025-07-14 19:41:32,478 - Unexpected error: [WinError 2] The system cannot find the file specified
2025-07-14 19:41:32,478 - 2025-07-14 19:41:32 - No queue information received
2025-07-14 19:41:37,481 - Unexpected error: [WinError 2] The system cannot find the file specified
2025-07-14 19:41:37,481 - 2025-07-14 19:41:37 - No queue information received
2025-07-14 19:41:42,484 - Unexpected error: [WinError 2] The system cannot find the file specified
2025-07-14 19:41:42,485 - 2025-07-14 19:41:42 - No queue information received
2025-07-14 19:41:47,488 - Unexpected error: [WinError 2] The system cannot find the file specified
2025-07-14 19:41:47,488 - 2025-07-14 19:41:47 - No queue information received
2025-07-14 19:41:52,491 - Unexpected error: [WinError 2] The system cannot find the file specified
2025-07-14 19:41:52,491 - 2025-07-14 19:41:52 - No queue information received
2025-07-14 19:41:57,494 - Unexpected error: [WinError 2] The system cannot find the file specified
2025-07-14 19:41:57,495 - 2025-07-14 19:41:57 - No queue information received
2025-07-14 19:42:02,498 - Unexpected error: [WinError 2] The system cannot find the file specified
2025-07-14 19:42:02,498 - 2025-07-14 19:42:02 - No queue information received
2025-07-14 19:42:07,501 - Unexpected error: [WinError 2] The system cannot find the file specified
2025-07-14 19:42:07,501 - 2025-07-14 19:42:07 - No queue information received
2025-07-14 19:42:12,504 - Unexpected error: [WinError 2] The system cannot find the file specified
2025-07-14 19:42:12,505 - 2025-07-14 19:42:12 - No queue information received
2025-07-14 19:42:17,508 - Unexpected error: [WinError 2] The system cannot find the file specified
2025-07-14 19:42:17,508 - 2025-07-14 19:42:17 - No queue information received
2025-07-14 19:42:22,511 - Unexpected error: [WinError 2] The system cannot find the file specified
2025-07-14 19:42:22,511 - 2025-07-14 19:42:22 - No queue information received
2025-07-14 19:42:27,515 - Unexpected error: [WinError 2] The system cannot find the file specified
2025-07-14 19:42:27,515 - 2025-07-14 19:42:27 - No queue information received
2025-07-14 19:42:32,518 - Unexpected error: [WinError 2] The system cannot find the file specified
2025-07-14 19:42:32,519 - 2025-07-14 19:42:32 - No queue information received
2025-07-14 19:42:37,522 - Unexpected error: [WinError 2] The system cannot find the file specified
2025-07-14 19:42:37,522 - 2025-07-14 19:42:37 - No queue information received
2025-07-14 19:42:42,525 - Unexpected error: [WinError 2] The system cannot find the file specified
2025-07-14 19:42:42,525 - 2025-07-14 19:42:42 - No queue information received
2025-07-14 19:42:47,528 - Unexpected error: [WinError 2] The system cannot find the file specified
2025-07-14 19:42:47,528 - 2025-07-14 19:42:47 - No queue information received
2025-07-14 19:42:52,531 - Unexpected error: [WinError 2] The system cannot find the file specified
2025-07-14 19:42:52,531 - 2025-07-14 19:42:52 - No queue information received
2025-07-14 19:42:57,535 - Unexpected error: [WinError 2] The system cannot find the file specified
2025-07-14 19:42:57,535 - 2025-07-14 19:42:57 - No queue information received
2025-07-14 19:43:02,539 - Unexpected error: [WinError 2] The system cannot find the file specified
2025-07-14 19:43:02,539 - 2025-07-14 19:43:02 - No queue information received
2025-07-14 19:43:07,542 - Unexpected error: [WinError 2] The system cannot find the file specified
2025-07-14 19:43:07,542 - 2025-07-14 19:43:07 - No queue information received
2025-07-14 19:43:12,545 - Unexpected error: [WinError 2] The system cannot find the file specified
2025-07-14 19:43:12,545 - 2025-07-14 19:43:12 - No queue information received
2025-07-14 19:43:17,548 - Unexpected error: [WinError 2] The system cannot find the file specified
2025-07-14 19:43:17,548 - 2025-07-14 19:43:17 - No queue information received
2025-07-14 19:43:22,551 - Unexpected error: [WinError 2] The system cannot find the file specified
2025-07-14 19:43:22,552 - 2025-07-14 19:43:22 - No queue information received
2025-07-14 19:43:27,554 - Unexpected error: [WinError 2] The system cannot find the file specified
2025-07-14 19:43:27,555 - 2025-07-14 19:43:27 - No queue information received
2025-07-14 19:43:32,557 - Unexpected error: [WinError 2] The system cannot find the file specified
2025-07-14 19:43:32,558 - 2025-07-14 19:43:32 - No queue information received
2025-07-14 19:43:37,560 - Unexpected error: [WinError 2] The system cannot find the file specified
2025-07-14 19:43:37,561 - 2025-07-14 19:43:37 - No queue information received
2025-07-14 19:43:42,564 - Unexpected error: [WinError 2] The system cannot find the file specified
2025-07-14 19:43:42,564 - 2025-07-14 19:43:42 - No queue information received
2025-07-14 19:43:47,567 - Unexpected error: [WinError 2] The system cannot find the file specified
2025-07-14 19:43:47,567 - 2025-07-14 19:43:47 - No queue information received
2025-07-14 19:43:52,570 - Unexpected error: [WinError 2] The system cannot find the file specified
2025-07-14 19:43:52,570 - 2025-07-14 19:43:52 - No queue information received
2025-07-14 19:43:57,574 - Unexpected error: [WinError 2] The system cannot find the file specified
2025-07-14 19:43:57,574 - 2025-07-14 19:43:57 - No queue information received
2025-07-14 19:44:02,577 - Unexpected error: [WinError 2] The system cannot find the file specified
2025-07-14 19:44:02,577 - 2025-07-14 19:44:02 - No queue information received
2025-07-14 19:44:07,580 - Unexpected error: [WinError 2] The system cannot find the file specified
2025-07-14 19:44:07,580 - 2025-07-14 19:44:07 - No queue information received
2025-07-14 19:44:12,582 - Unexpected error: [WinError 2] The system cannot find the file specified
2025-07-14 19:44:12,583 - 2025-07-14 19:44:12 - No queue information received
2025-07-14 19:44:17,586 - Unexpected error: [WinError 2] The system cannot find the file specified
2025-07-14 19:44:17,586 - 2025-07-14 19:44:17 - No queue information received
2025-07-14 19:44:22,589 - Unexpected error: [WinError 2] The system cannot find the file specified
2025-07-14 19:44:22,589 - 2025-07-14 19:44:22 - No queue information received
2025-07-14 19:44:27,593 - Unexpected error: [WinError 2] The system cannot find the file specified
2025-07-14 19:44:27,593 - 2025-07-14 19:44:27 - No queue information received
2025-07-14 19:44:32,595 - Unexpected error: [WinError 2] The system cannot find the file specified
2025-07-14 19:44:32,596 - 2025-07-14 19:44:32 - No queue information received
2025-07-14 19:44:37,599 - Unexpected error: [WinError 2] The system cannot find the file specified
2025-07-14 19:44:37,599 - 2025-07-14 19:44:37 - No queue information received
2025-07-14 19:44:42,602 - Unexpected error: [WinError 2] The system cannot find the file specified
2025-07-14 19:44:42,602 - 2025-07-14 19:44:42 - No queue information received
2025-07-14 19:44:47,605 - Unexpected error: [WinError 2] The system cannot find the file specified
2025-07-14 19:44:47,605 - 2025-07-14 19:44:47 - No queue information received
2025-07-14 19:44:52,608 - Unexpected error: [WinError 2] The system cannot find the file specified
2025-07-14 19:44:52,608 - 2025-07-14 19:44:52 - No queue information received
2025-07-14 19:44:57,611 - Unexpected error: [WinError 2] The system cannot find the file specified
2025-07-14 19:44:57,611 - 2025-07-14 19:44:57 - No queue information received
2025-07-14 19:45:02,615 - Unexpected error: [WinError 2] The system cannot find the file specified
2025-07-14 19:45:02,615 - 2025-07-14 19:45:02 - No queue information received
2025-07-14 19:45:07,618 - Unexpected error: [WinError 2] The system cannot find the file specified
2025-07-14 19:45:07,618 - 2025-07-14 19:45:07 - No queue information received
2025-07-14 19:45:12,622 - Unexpected error: [WinError 2] The system cannot find the file specified
2025-07-14 19:45:12,622 - 2025-07-14 19:45:12 - No queue information received
2025-07-14 19:45:17,625 - Unexpected error: [WinError 2] The system cannot find the file specified
2025-07-14 19:45:17,625 - 2025-07-14 19:45:17 - No queue information received
2025-07-14 19:45:22,628 - Unexpected error: [WinError 2] The system cannot find the file specified
2025-07-14 19:45:22,628 - 2025-07-14 19:45:22 - No queue information received
2025-07-14 19:45:27,631 - Unexpected error: [WinError 2] The system cannot find the file specified
2025-07-14 19:45:27,631 - 2025-07-14 19:45:27 - No queue information received
2025-07-14 19:45:32,634 - Unexpected error: [WinError 2] The system cannot find the file specified
2025-07-14 19:45:32,634 - 2025-07-14 19:45:32 - No queue information received
2025-07-14 19:45:37,636 - Unexpected error: [WinError 2] The system cannot find the file specified
2025-07-14 19:45:37,637 - 2025-07-14 19:45:37 - No queue information received
2025-07-14 19:45:42,640 - Unexpected error: [WinError 2] The system cannot find the file specified
2025-07-14 19:45:42,640 - 2025-07-14 19:45:42 - No queue information received
2025-07-14 19:45:47,644 - Unexpected error: [WinError 2] The system cannot find the file specified
2025-07-14 19:45:47,644 - 2025-07-14 19:45:47 - No queue information received
2025-07-14 19:45:52,647 - Unexpected error: [WinError 2] The system cannot find the file specified
2025-07-14 19:45:52,647 - 2025-07-14 19:45:52 - No queue information received
2025-07-14 19:45:57,650 - Unexpected error: [WinError 2] The system cannot find the file specified
2025-07-14 19:45:57,651 - 2025-07-14 19:45:57 - No queue information received
2025-07-14 19:46:02,654 - Unexpected error: [WinError 2] The system cannot find the file specified
2025-07-14 19:46:02,654 - 2025-07-14 19:46:02 - No queue information received
2025-07-14 19:46:07,657 - Unexpected error: [WinError 2] The system cannot find the file specified
2025-07-14 19:46:07,657 - 2025-07-14 19:46:07 - No queue information received
2025-07-14 19:46:12,660 - Unexpected error: [WinError 2] The system cannot find the file specified
2025-07-14 19:46:12,660 - 2025-07-14 19:46:12 - No queue information received
2025-07-14 19:46:17,664 - Unexpected error: [WinError 2] The system cannot find the file specified
2025-07-14 19:46:17,664 - 2025-07-14 19:46:17 - No queue information received
2025-07-14 19:46:22,667 - Unexpected error: [WinError 2] The system cannot find the file specified
2025-07-14 19:46:22,667 - 2025-07-14 19:46:22 - No queue information received
2025-07-14 19:46:27,670 - Unexpected error: [WinError 2] The system cannot find the file specified
2025-07-14 19:46:27,670 - 2025-07-14 19:46:27 - No queue information received
2025-07-14 19:46:32,672 - Unexpected error: [WinError 2] The system cannot find the file specified
2025-07-14 19:46:32,673 - 2025-07-14 19:46:32 - No queue information received
2025-07-14 19:46:37,675 - Unexpected error: [WinError 2] The system cannot find the file specified
2025-07-14 19:46:37,675 - 2025-07-14 19:46:37 - No queue information received
2025-07-14 19:46:42,678 - Unexpected error: [WinError 2] The system cannot find the file specified
2025-07-14 19:46:42,678 - 2025-07-14 19:46:42 - No queue information received
2025-07-14 19:46:47,681 - Unexpected error: [WinError 2] The system cannot find the file specified
2025-07-14 19:46:47,681 - 2025-07-14 19:46:47 - No queue information received
2025-07-14 19:46:52,684 - Unexpected error: [WinError 2] The system cannot find the file specified
2025-07-14 19:46:52,684 - 2025-07-14 19:46:52 - No queue information received
2025-07-14 19:46:57,688 - Unexpected error: [WinError 2] The system cannot find the file specified
2025-07-14 19:46:57,688 - 2025-07-14 19:46:57 - No queue information received
2025-07-14 19:47:02,691 - Unexpected error: [WinError 2] The system cannot find the file specified
2025-07-14 19:47:02,692 - 2025-07-14 19:47:02 - No queue information received
2025-07-14 19:47:07,695 - Unexpected error: [WinError 2] The system cannot find the file specified
2025-07-14 19:47:07,695 - 2025-07-14 19:47:07 - No queue information received
2025-07-14 19:47:12,697 - Unexpected error: [WinError 2] The system cannot find the file specified
2025-07-14 19:47:12,698 - 2025-07-14 19:47:12 - No queue information received
2025-07-14 19:47:17,700 - Unexpected error: [WinError 2] The system cannot find the file specified
2025-07-14 19:47:17,701 - 2025-07-14 19:47:17 - No queue information received
2025-07-14 19:47:22,703 - Unexpected error: [WinError 2] The system cannot find the file specified
2025-07-14 19:47:22,703 - 2025-07-14 19:47:22 - No queue information received
2025-07-14 19:47:27,706 - Unexpected error: [WinError 2] The system cannot find the file specified
2025-07-14 19:47:27,707 - 2025-07-14 19:47:27 - No queue information received
2025-07-14 19:47:32,710 - Unexpected error: [WinError 2] The system cannot find the file specified
2025-07-14 19:47:32,710 - 2025-07-14 19:47:32 - No queue information received
2025-07-14 19:47:37,713 - Unexpected error: [WinError 2] The system cannot find the file specified
2025-07-14 19:47:37,713 - 2025-07-14 19:47:37 - No queue information received
2025-07-14 19:47:42,716 - Unexpected error: [WinError 2] The system cannot find the file specified
2025-07-14 19:47:42,716 - 2025-07-14 19:47:42 - No queue information received
2025-07-14 19:47:47,719 - Unexpected error: [WinError 2] The system cannot find the file specified
2025-07-14 19:47:47,719 - 2025-07-14 19:47:47 - No queue information received
2025-07-14 19:47:52,722 - Unexpected error: [WinError 2] The system cannot find the file specified
2025-07-14 19:47:52,722 - 2025-07-14 19:47:52 - No queue information received
2025-07-14 19:47:57,726 - Unexpected error: [WinError 2] The system cannot find the file specified
2025-07-14 19:47:57,726 - 2025-07-14 19:47:57 - No queue information received
2025-07-14 19:48:02,729 - Unexpected error: [WinError 2] The system cannot find the file specified
2025-07-14 19:48:02,730 - 2025-07-14 19:48:02 - No queue information received
2025-07-14 19:48:07,733 - Unexpected error: [WinError 2] The system cannot find the file specified
2025-07-14 19:48:07,733 - 2025-07-14 19:48:07 - No queue information received
2025-07-14 19:48:12,736 - Unexpected error: [WinError 2] The system cannot find the file specified
2025-07-14 19:48:12,736 - 2025-07-14 19:48:12 - No queue information received
2025-07-14 19:48:17,738 - Unexpected error: [WinError 2] The system cannot find the file specified
2025-07-14 19:48:17,739 - 2025-07-14 19:48:17 - No queue information received
2025-07-14 19:48:22,741 - Unexpected error: [WinError 2] The system cannot find the file specified
2025-07-14 19:48:22,742 - 2025-07-14 19:48:22 - No queue information received
2025-07-14 19:48:27,745 - Unexpected error: [WinError 2] The system cannot find the file specified
2025-07-14 19:48:27,745 - 2025-07-14 19:48:27 - No queue information received
2025-07-14 19:48:32,748 - Unexpected error: [WinError 2] The system cannot find the file specified
2025-07-14 19:48:32,748 - 2025-07-14 19:48:32 - No queue information received
2025-07-14 19:48:37,751 - Unexpected error: [WinError 2] The system cannot find the file specified
2025-07-14 19:48:37,751 - 2025-07-14 19:48:37 - No queue information received
2025-07-14 19:48:42,754 - Unexpected error: [WinError 2] The system cannot find the file specified
2025-07-14 19:48:42,754 - 2025-07-14 19:48:42 - No queue information received
2025-07-14 19:48:47,757 - Unexpected error: [WinError 2] The system cannot find the file specified
2025-07-14 19:48:47,757 - 2025-07-14 19:48:47 - No queue information received
2025-07-14 19:48:52,760 - Unexpected error: [WinError 2] The system cannot find the file specified
2025-07-14 19:48:52,760 - 2025-07-14 19:48:52 - No queue information received
2025-07-14 19:48:57,763 - Unexpected error: [WinError 2] The system cannot find the file specified
2025-07-14 19:48:57,764 - 2025-07-14 19:48:57 - No queue information received
2025-07-14 19:49:02,767 - Unexpected error: [WinError 2] The system cannot find the file specified
2025-07-14 19:49:02,767 - 2025-07-14 19:49:02 - No queue information received
2025-07-14 19:49:07,770 - Unexpected error: [WinError 2] The system cannot find the file specified
2025-07-14 19:49:07,770 - 2025-07-14 19:49:07 - No queue information received
2025-07-14 19:49:12,773 - Unexpected error: [WinError 2] The system cannot find the file specified
2025-07-14 19:49:12,773 - 2025-07-14 19:49:12 - No queue information received
2025-07-14 19:49:17,776 - Unexpected error: [WinError 2] The system cannot find the file specified
2025-07-14 19:49:17,776 - 2025-07-14 19:49:17 - No queue information received
2025-07-14 19:49:22,779 - Unexpected error: [WinError 2] The system cannot find the file specified
2025-07-14 19:49:22,780 - 2025-07-14 19:49:22 - No queue information received
2025-07-14 19:49:27,783 - Unexpected error: [WinError 2] The system cannot find the file specified
2025-07-14 19:49:27,783 - 2025-07-14 19:49:27 - No queue information received
2025-07-14 19:49:32,786 - Unexpected error: [WinError 2] The system cannot find the file specified
2025-07-14 19:49:32,786 - 2025-07-14 19:49:32 - No queue information received
2025-07-14 19:49:37,789 - Unexpected error: [WinError 2] The system cannot find the file specified
2025-07-14 19:49:37,789 - 2025-07-14 19:49:37 - No queue information received
2025-07-14 19:49:42,792 - Unexpected error: [WinError 2] The system cannot find the file specified
2025-07-14 19:49:42,792 - 2025-07-14 19:49:42 - No queue information received
2025-07-14 19:49:47,795 - Unexpected error: [WinError 2] The system cannot find the file specified
2025-07-14 19:49:47,795 - 2025-07-14 19:49:47 - No queue information received
2025-07-14 19:49:52,798 - Unexpected error: [WinError 2] The system cannot find the file specified
2025-07-14 19:49:52,798 - 2025-07-14 19:49:52 - No queue information received
2025-07-14 19:49:57,801 - Unexpected error: [WinError 2] The system cannot find the file specified
2025-07-14 19:49:57,801 - 2025-07-14 19:49:57 - No queue information received
2025-07-14 19:50:02,804 - Unexpected error: [WinError 2] The system cannot find the file specified
2025-07-14 19:50:02,804 - 2025-07-14 19:50:02 - No queue information received
2025-07-14 19:50:07,807 - Unexpected error: [WinError 2] The system cannot find the file specified
2025-07-14 19:50:07,807 - 2025-07-14 19:50:07 - No queue information received
2025-07-14 19:50:12,810 - Unexpected error: [WinError 2] The system cannot find the file specified
2025-07-14 19:50:12,810 - 2025-07-14 19:50:12 - No queue information received
2025-07-14 19:50:17,813 - Unexpected error: [WinError 2] The system cannot find the file specified
2025-07-14 19:50:17,813 - 2025-07-14 19:50:17 - No queue information received
2025-07-14 19:50:22,816 - Unexpected error: [WinError 2] The system cannot find the file specified
2025-07-14 19:50:22,816 - 2025-07-14 19:50:22 - No queue information received
2025-07-14 19:50:27,819 - Unexpected error: [WinError 2] The system cannot find the file specified
2025-07-14 19:50:27,819 - 2025-07-14 19:50:27 - No queue information received
2025-07-14 19:50:32,822 - Unexpected error: [WinError 2] The system cannot find the file specified
2025-07-14 19:50:32,822 - 2025-07-14 19:50:32 - No queue information received
2025-07-14 19:50:37,824 - Unexpected error: [WinError 2] The system cannot find the file specified
2025-07-14 19:50:37,824 - 2025-07-14 19:50:37 - No queue information received
2025-07-14 19:50:42,827 - Unexpected error: [WinError 2] The system cannot find the file specified
2025-07-14 19:50:42,827 - 2025-07-14 19:50:42 - No queue information received
2025-07-14 19:50:47,830 - Unexpected error: [WinError 2] The system cannot find the file specified
2025-07-14 19:50:47,830 - 2025-07-14 19:50:47 - No queue information received
2025-07-14 19:50:52,833 - Unexpected error: [WinError 2] The system cannot find the file specified
2025-07-14 19:50:52,841 - 2025-07-14 19:50:52 - No queue information received
2025-07-14 19:50:57,843 - Unexpected error: [WinError 2] The system cannot find the file specified
2025-07-14 19:50:57,843 - 2025-07-14 19:50:57 - No queue information received
2025-07-14 19:51:02,846 - Unexpected error: [WinError 2] The system cannot find the file specified
2025-07-14 19:51:02,846 - 2025-07-14 19:51:02 - No queue information received
2025-07-14 19:51:07,849 - Unexpected error: [WinError 2] The system cannot find the file specified
2025-07-14 19:51:07,849 - 2025-07-14 19:51:07 - No queue information received
2025-07-14 19:51:12,853 - Unexpected error: [WinError 2] The system cannot find the file specified
2025-07-14 19:51:12,853 - 2025-07-14 19:51:12 - No queue information received
2025-07-14 19:51:17,857 - Unexpected error: [WinError 2] The system cannot find the file specified
2025-07-14 19:51:17,857 - 2025-07-14 19:51:17 - No queue information received
2025-07-14 19:51:22,860 - Unexpected error: [WinError 2] The system cannot find the file specified
2025-07-14 19:51:22,860 - 2025-07-14 19:51:22 - No queue information received
2025-07-14 19:51:27,864 - Unexpected error: [WinError 2] The system cannot find the file specified
2025-07-14 19:51:27,864 - 2025-07-14 19:51:27 - No queue information received
2025-07-14 19:51:32,867 - Unexpected error: [WinError 2] The system cannot find the file specified
2025-07-14 19:51:32,867 - 2025-07-14 19:51:32 - No queue information received
2025-07-14 19:51:37,870 - Unexpected error: [WinError 2] The system cannot find the file specified
2025-07-14 19:51:37,870 - 2025-07-14 19:51:37 - No queue information received
2025-07-14 19:51:42,874 - Unexpected error: [WinError 2] The system cannot find the file specified
2025-07-14 19:51:42,874 - 2025-07-14 19:51:42 - No queue information received
2025-07-14 19:51:47,876 - Unexpected error: [WinError 2] The system cannot find the file specified
2025-07-14 19:51:47,877 - 2025-07-14 19:51:47 - No queue information received
2025-07-14 19:51:52,880 - Unexpected error: [WinError 2] The system cannot find the file specified
2025-07-14 19:51:52,880 - 2025-07-14 19:51:52 - No queue information received
2025-07-14 19:51:57,883 - Unexpected error: [WinError 2] The system cannot find the file specified
2025-07-14 19:51:57,883 - 2025-07-14 19:51:57 - No queue information received
2025-07-14 19:52:02,886 - Unexpected error: [WinError 2] The system cannot find the file specified
2025-07-14 19:52:02,886 - 2025-07-14 19:52:02 - No queue information received
2025-07-14 19:52:07,889 - Unexpected error: [WinError 2] The system cannot find the file specified
2025-07-14 19:52:07,889 - 2025-07-14 19:52:07 - No queue information received
2025-07-14 19:52:12,892 - Unexpected error: [WinError 2] The system cannot find the file specified
2025-07-14 19:52:12,892 - 2025-07-14 19:52:12 - No queue information received
2025-07-14 19:52:17,895 - Unexpected error: [WinError 2] The system cannot find the file specified
2025-07-14 19:52:17,895 - 2025-07-14 19:52:17 - No queue information received
2025-07-14 19:52:22,898 - Unexpected error: [WinError 2] The system cannot find the file specified
2025-07-14 19:52:22,899 - 2025-07-14 19:52:22 - No queue information received
2025-07-14 19:52:27,902 - Unexpected error: [WinError 2] The system cannot find the file specified
2025-07-14 19:52:27,902 - 2025-07-14 19:52:27 - No queue information received
2025-07-14 19:52:32,905 - Unexpected error: [WinError 2] The system cannot find the file specified
2025-07-14 19:52:32,905 - 2025-07-14 19:52:32 - No queue information received
2025-07-14 19:52:37,908 - Unexpected error: [WinError 2] The system cannot find the file specified
2025-07-14 19:52:37,908 - 2025-07-14 19:52:37 - No queue information received
2025-07-14 19:52:42,911 - Unexpected error: [WinError 2] The system cannot find the file specified
2025-07-14 19:52:42,911 - 2025-07-14 19:52:42 - No queue information received
2025-07-14 19:52:47,914 - Unexpected error: [WinError 2] The system cannot find the file specified
2025-07-14 19:52:47,915 - 2025-07-14 19:52:47 - No queue information received
2025-07-14 19:52:52,918 - Unexpected error: [WinError 2] The system cannot find the file specified
2025-07-14 19:52:52,918 - 2025-07-14 19:52:52 - No queue information received
2025-07-14 19:52:57,921 - Unexpected error: [WinError 2] The system cannot find the file specified
2025-07-14 19:52:57,922 - 2025-07-14 19:52:57 - No queue information received
2025-07-14 19:53:02,925 - Unexpected error: [WinError 2] The system cannot find the file specified
2025-07-14 19:53:02,925 - 2025-07-14 19:53:02 - No queue information received
2025-07-14 19:53:07,928 - Unexpected error: [WinError 2] The system cannot find the file specified
2025-07-14 19:53:07,928 - 2025-07-14 19:53:07 - No queue information received
2025-07-14 19:53:12,931 - Unexpected error: [WinError 2] The system cannot find the file specified
2025-07-14 19:53:12,931 - 2025-07-14 19:53:12 - No queue information received
2025-07-14 19:53:17,933 - Unexpected error: [WinError 2] The system cannot find the file specified
2025-07-14 19:53:17,934 - 2025-07-14 19:53:17 - No queue information received
2025-07-14 19:53:22,937 - Unexpected error: [WinError 2] The system cannot find the file specified
2025-07-14 19:53:22,937 - 2025-07-14 19:53:22 - No queue information received
2025-07-14 19:53:27,940 - Unexpected error: [WinError 2] The system cannot find the file specified
2025-07-14 19:53:27,940 - 2025-07-14 19:53:27 - No queue information received
2025-07-14 19:53:32,943 - Unexpected error: [WinError 2] The system cannot find the file specified
2025-07-14 19:53:32,944 - 2025-07-14 19:53:32 - No queue information received
2025-07-14 19:53:37,946 - Unexpected error: [WinError 2] The system cannot find the file specified
2025-07-14 19:53:37,947 - 2025-07-14 19:53:37 - No queue information received
2025-07-14 19:53:42,950 - Unexpected error: [WinError 2] The system cannot find the file specified
2025-07-14 19:53:42,950 - 2025-07-14 19:53:42 - No queue information received
2025-07-14 19:53:47,954 - Unexpected error: [WinError 2] The system cannot find the file specified
2025-07-14 19:53:47,954 - 2025-07-14 19:53:47 - No queue information received
2025-07-14 19:53:52,957 - Unexpected error: [WinError 2] The system cannot find the file specified
2025-07-14 19:53:52,957 - 2025-07-14 19:53:52 - No queue information received
2025-07-14 19:53:57,959 - Unexpected error: [WinError 2] The system cannot find the file specified
2025-07-14 19:53:57,960 - 2025-07-14 19:53:57 - No queue information received
2025-07-14 19:54:02,963 - Unexpected error: [WinError 2] The system cannot find the file specified
2025-07-14 19:54:02,963 - 2025-07-14 19:54:02 - No queue information received
2025-07-14 19:54:07,966 - Unexpected error: [WinError 2] The system cannot find the file specified
2025-07-14 19:54:07,966 - 2025-07-14 19:54:07 - No queue information received
2025-07-14 19:54:12,969 - Unexpected error: [WinError 2] The system cannot find the file specified
2025-07-14 19:54:12,969 - 2025-07-14 19:54:12 - No queue information received
2025-07-14 19:54:17,971 - Unexpected error: [WinError 2] The system cannot find the file specified
2025-07-14 19:54:17,972 - 2025-07-14 19:54:17 - No queue information received
2025-07-14 19:54:22,974 - Unexpected error: [WinError 2] The system cannot find the file specified
2025-07-14 19:54:22,975 - 2025-07-14 19:54:22 - No queue information received
2025-07-14 19:54:27,978 - Unexpected error: [WinError 2] The system cannot find the file specified
2025-07-14 19:54:27,978 - 2025-07-14 19:54:27 - No queue information received
2025-07-14 19:54:32,981 - Unexpected error: [WinError 2] The system cannot find the file specified
2025-07-14 19:54:32,981 - 2025-07-14 19:54:32 - No queue information received
2025-07-14 19:54:37,984 - Unexpected error: [WinError 2] The system cannot find the file specified
2025-07-14 19:54:37,984 - 2025-07-14 19:54:37 - No queue information received
2025-07-14 19:54:42,987 - Unexpected error: [WinError 2] The system cannot find the file specified
2025-07-14 19:54:42,987 - 2025-07-14 19:54:42 - No queue information received
2025-07-14 19:54:47,990 - Unexpected error: [WinError 2] The system cannot find the file specified
2025-07-14 19:54:47,990 - 2025-07-14 19:54:47 - No queue information received
2025-07-14 19:54:52,993 - Unexpected error: [WinError 2] The system cannot find the file specified
2025-07-14 19:54:52,993 - 2025-07-14 19:54:52 - No queue information received
2025-07-14 19:54:57,996 - Unexpected error: [WinError 2] The system cannot find the file specified
2025-07-14 19:54:57,997 - 2025-07-14 19:54:57 - No queue information received
2025-07-14 19:55:03,000 - Unexpected error: [WinError 2] The system cannot find the file specified
2025-07-14 19:55:03,000 - 2025-07-14 19:55:03 - No queue information received
2025-07-14 19:55:08,003 - Unexpected error: [WinError 2] The system cannot find the file specified
2025-07-14 19:55:08,003 - 2025-07-14 19:55:08 - No queue information received
2025-07-14 19:55:13,006 - Unexpected error: [WinError 2] The system cannot find the file specified
2025-07-14 19:55:13,006 - 2025-07-14 19:55:13 - No queue information received
2025-07-14 19:55:18,009 - Unexpected error: [WinError 2] The system cannot find the file specified
2025-07-14 19:55:18,009 - 2025-07-14 19:55:18 - No queue information received
2025-07-14 19:55:23,012 - Unexpected error: [WinError 2] The system cannot find the file specified
2025-07-14 19:55:23,012 - 2025-07-14 19:55:23 - No queue information received
2025-07-14 19:55:28,016 - Unexpected error: [WinError 2] The system cannot find the file specified
2025-07-14 19:55:28,016 - 2025-07-14 19:55:28 - No queue information received
2025-07-14 19:55:33,019 - Unexpected error: [WinError 2] The system cannot find the file specified
2025-07-14 19:55:33,019 - 2025-07-14 19:55:33 - No queue information received
2025-07-14 19:55:38,022 - Unexpected error: [WinError 2] The system cannot find the file specified
2025-07-14 19:55:38,022 - 2025-07-14 19:55:38 - No queue information received
2025-07-14 19:55:43,025 - Unexpected error: [WinError 2] The system cannot find the file specified
2025-07-14 19:55:43,025 - 2025-07-14 19:55:43 - No queue information received
2025-07-14 19:55:48,028 - Unexpected error: [WinError 2] The system cannot find the file specified
2025-07-14 19:55:48,028 - 2025-07-14 19:55:48 - No queue information received
2025-07-14 19:55:53,031 - Unexpected error: [WinError 2] The system cannot find the file specified
2025-07-14 19:55:53,031 - 2025-07-14 19:55:53 - No queue information received
2025-07-14 19:55:58,035 - Unexpected error: [WinError 2] The system cannot find the file specified
2025-07-14 19:55:58,035 - 2025-07-14 19:55:58 - No queue information received
2025-07-14 19:56:03,038 - Unexpected error: [WinError 2] The system cannot find the file specified
2025-07-14 19:56:03,038 - 2025-07-14 19:56:03 - No queue information received
2025-07-14 19:56:08,042 - Unexpected error: [WinError 2] The system cannot find the file specified
2025-07-14 19:56:08,042 - 2025-07-14 19:56:08 - No queue information received
2025-07-14 19:56:13,045 - Unexpected error: [WinError 2] The system cannot find the file specified
2025-07-14 19:56:13,045 - 2025-07-14 19:56:13 - No queue information received
2025-07-14 19:56:18,049 - Unexpected error: [WinError 2] The system cannot find the file specified
2025-07-14 19:56:18,049 - 2025-07-14 19:56:18 - No queue information received
2025-07-14 19:56:23,052 - Unexpected error: [WinError 2] The system cannot find the file specified
2025-07-14 19:56:23,052 - 2025-07-14 19:56:23 - No queue information received
2025-07-14 19:56:28,055 - Unexpected error: [WinError 2] The system cannot find the file specified
2025-07-14 19:56:28,055 - 2025-07-14 19:56:28 - No queue information received
2025-07-14 19:56:33,059 - Unexpected error: [WinError 2] The system cannot find the file specified
2025-07-14 19:56:33,059 - 2025-07-14 19:56:33 - No queue information received
2025-07-14 19:56:38,062 - Unexpected error: [WinError 2] The system cannot find the file specified
2025-07-14 19:56:38,063 - 2025-07-14 19:56:38 - No queue information received
2025-07-14 19:56:43,066 - Unexpected error: [WinError 2] The system cannot find the file specified
2025-07-14 19:56:43,066 - 2025-07-14 19:56:43 - No queue information received
2025-07-14 19:56:48,069 - Unexpected error: [WinError 2] The system cannot find the file specified
2025-07-14 19:56:48,070 - 2025-07-14 19:56:48 - No queue information received
2025-07-14 19:56:53,073 - Unexpected error: [WinError 2] The system cannot find the file specified
2025-07-14 19:56:53,073 - 2025-07-14 19:56:53 - No queue information received
2025-07-14 19:56:58,076 - Unexpected error: [WinError 2] The system cannot find the file specified
2025-07-14 19:56:58,077 - 2025-07-14 19:56:58 - No queue information received
2025-07-14 19:57:03,079 - Unexpected error: [WinError 2] The system cannot find the file specified
2025-07-14 19:57:03,080 - 2025-07-14 19:57:03 - No queue information received
2025-07-14 19:57:08,083 - Unexpected error: [WinError 2] The system cannot find the file specified
2025-07-14 19:57:08,083 - 2025-07-14 19:57:08 - No queue information received
2025-07-14 19:57:13,086 - Unexpected error: [WinError 2] The system cannot find the file specified
2025-07-14 19:57:13,086 - 2025-07-14 19:57:13 - No queue information received
2025-07-14 19:57:18,089 - Unexpected error: [WinError 2] The system cannot find the file specified
2025-07-14 19:57:18,089 - 2025-07-14 19:57:18 - No queue information received
2025-07-14 19:57:23,092 - Unexpected error: [WinError 2] The system cannot find the file specified
2025-07-14 19:57:23,092 - 2025-07-14 19:57:23 - No queue information received
2025-07-14 19:57:28,095 - Unexpected error: [WinError 2] The system cannot find the file specified
2025-07-14 19:57:28,095 - 2025-07-14 19:57:28 - No queue information received
2025-07-14 19:57:33,098 - Unexpected error: [WinError 2] The system cannot find the file specified
2025-07-14 19:57:33,098 - 2025-07-14 19:57:33 - No queue information received
2025-07-14 19:57:38,101 - Unexpected error: [WinError 2] The system cannot find the file specified
2025-07-14 19:57:38,101 - 2025-07-14 19:57:38 - No queue information received
2025-07-14 19:57:43,104 - Unexpected error: [WinError 2] The system cannot find the file specified
2025-07-14 19:57:43,105 - 2025-07-14 19:57:43 - No queue information received
2025-07-14 19:57:48,108 - Unexpected error: [WinError 2] The system cannot find the file specified
2025-07-14 19:57:48,108 - 2025-07-14 19:57:48 - No queue information received
2025-07-14 19:57:53,111 - Unexpected error: [WinError 2] The system cannot find the file specified
2025-07-14 19:57:53,112 - 2025-07-14 19:57:53 - No queue information received
2025-07-14 19:57:58,115 - Unexpected error: [WinError 2] The system cannot find the file specified
2025-07-14 19:57:58,115 - 2025-07-14 19:57:58 - No queue information received
2025-07-14 19:58:03,118 - Unexpected error: [WinError 2] The system cannot find the file specified
2025-07-14 19:58:03,118 - 2025-07-14 19:58:03 - No queue information received
2025-07-14 19:58:08,121 - Unexpected error: [WinError 2] The system cannot find the file specified
2025-07-14 19:58:08,122 - 2025-07-14 19:58:08 - No queue information received
2025-07-14 19:58:13,125 - Unexpected error: [WinError 2] The system cannot find the file specified
2025-07-14 19:58:13,125 - 2025-07-14 19:58:13 - No queue information received
2025-07-14 19:58:18,128 - Unexpected error: [WinError 2] The system cannot find the file specified
2025-07-14 19:58:18,128 - 2025-07-14 19:58:18 - No queue information received
2025-07-14 19:58:23,131 - Unexpected error: [WinError 2] The system cannot find the file specified
2025-07-14 19:58:23,132 - 2025-07-14 19:58:23 - No queue information received
2025-07-14 19:58:28,135 - Unexpected error: [WinError 2] The system cannot find the file specified
2025-07-14 19:58:28,135 - 2025-07-14 19:58:28 - No queue information received
2025-07-14 19:58:33,138 - Unexpected error: [WinError 2] The system cannot find the file specified
2025-07-14 19:58:33,138 - 2025-07-14 19:58:33 - No queue information received
2025-07-14 19:58:38,141 - Unexpected error: [WinError 2] The system cannot find the file specified
2025-07-14 19:58:38,141 - 2025-07-14 19:58:38 - No queue information received
2025-07-14 19:58:43,144 - Unexpected error: [WinError 2] The system cannot find the file specified
2025-07-14 19:58:43,145 - 2025-07-14 19:58:43 - No queue information received
2025-07-14 19:58:48,147 - Unexpected error: [WinError 2] The system cannot find the file specified
2025-07-14 19:58:48,148 - 2025-07-14 19:58:48 - No queue information received
2025-07-14 19:58:53,151 - Unexpected error: [WinError 2] The system cannot find the file specified
2025-07-14 19:58:53,151 - 2025-07-14 19:58:53 - No queue information received
2025-07-14 19:58:58,154 - Unexpected error: [WinError 2] The system cannot find the file specified
2025-07-14 19:58:58,154 - 2025-07-14 19:58:58 - No queue information received
2025-07-14 19:59:03,157 - Unexpected error: [WinError 2] The system cannot find the file specified
2025-07-14 19:59:03,157 - 2025-07-14 19:59:03 - No queue information received
2025-07-14 19:59:08,160 - Unexpected error: [WinError 2] The system cannot find the file specified
2025-07-14 19:59:08,160 - 2025-07-14 19:59:08 - No queue information received
2025-07-14 19:59:13,163 - Unexpected error: [WinError 2] The system cannot find the file specified
2025-07-14 19:59:13,164 - 2025-07-14 19:59:13 - No queue information received
2025-07-14 19:59:18,167 - Unexpected error: [WinError 2] The system cannot find the file specified
2025-07-14 19:59:18,167 - 2025-07-14 19:59:18 - No queue information received
2025-07-14 19:59:23,169 - Unexpected error: [WinError 2] The system cannot find the file specified
2025-07-14 19:59:23,170 - 2025-07-14 19:59:23 - No queue information received
2025-07-14 19:59:28,172 - Unexpected error: [WinError 2] The system cannot find the file specified
2025-07-14 19:59:28,173 - 2025-07-14 19:59:28 - No queue information received
2025-07-14 19:59:33,175 - Unexpected error: [WinError 2] The system cannot find the file specified
2025-07-14 19:59:33,176 - 2025-07-14 19:59:33 - No queue information received
2025-07-14 19:59:38,179 - Unexpected error: [WinError 2] The system cannot find the file specified
2025-07-14 19:59:38,179 - 2025-07-14 19:59:38 - No queue information received
2025-07-14 19:59:43,182 - Unexpected error: [WinError 2] The system cannot find the file specified
2025-07-14 19:59:43,182 - 2025-07-14 19:59:43 - No queue information received
2025-07-14 19:59:48,185 - Unexpected error: [WinError 2] The system cannot find the file specified
2025-07-14 19:59:48,186 - 2025-07-14 19:59:48 - No queue information received
2025-07-14 19:59:53,189 - Unexpected error: [WinError 2] The system cannot find the file specified
2025-07-14 19:59:53,189 - 2025-07-14 19:59:53 - No queue information received
2025-07-14 19:59:58,192 - Unexpected error: [WinError 2] The system cannot find the file specified
2025-07-14 19:59:58,192 - 2025-07-14 19:59:58 - No queue information received
2025-07-14 20:00:03,196 - Unexpected error: [WinError 2] The system cannot find the file specified
2025-07-14 20:00:03,196 - 2025-07-14 20:00:03 - No queue information received
2025-07-14 20:00:08,199 - Unexpected error: [WinError 2] The system cannot find the file specified
2025-07-14 20:00:08,199 - 2025-07-14 20:00:08 - No queue information received
2025-07-14 20:00:13,203 - Unexpected error: [WinError 2] The system cannot find the file specified
2025-07-14 20:00:13,203 - 2025-07-14 20:00:13 - No queue information received
2025-07-14 20:00:18,207 - Unexpected error: [WinError 2] The system cannot find the file specified
2025-07-14 20:00:18,207 - 2025-07-14 20:00:18 - No queue information received
2025-07-14 20:00:23,210 - Unexpected error: [WinError 2] The system cannot find the file specified
2025-07-14 20:00:23,210 - 2025-07-14 20:00:23 - No queue information received
2025-07-14 20:00:28,213 - Unexpected error: [WinError 2] The system cannot find the file specified
2025-07-14 20:00:28,213 - 2025-07-14 20:00:28 - No queue information received
2025-07-14 20:00:33,217 - Unexpected error: [WinError 2] The system cannot find the file specified
2025-07-14 20:00:33,217 - 2025-07-14 20:00:33 - No queue information received
2025-07-14 20:00:38,220 - Unexpected error: [WinError 2] The system cannot find the file specified
2025-07-14 20:00:38,220 - 2025-07-14 20:00:38 - No queue information received
2025-07-14 20:00:43,223 - Unexpected error: [WinError 2] The system cannot find the file specified
2025-07-14 20:00:43,224 - 2025-07-14 20:00:43 - No queue information received
2025-07-14 20:00:48,226 - Unexpected error: [WinError 2] The system cannot find the file specified
2025-07-14 20:00:48,227 - 2025-07-14 20:00:48 - No queue information received
2025-07-14 20:00:53,230 - Unexpected error: [WinError 2] The system cannot find the file specified
2025-07-14 20:00:53,230 - 2025-07-14 20:00:53 - No queue information received
2025-07-14 20:00:58,234 - Unexpected error: [WinError 2] The system cannot find the file specified
2025-07-14 20:00:58,234 - 2025-07-14 20:00:58 - No queue information received
2025-07-14 20:01:03,237 - Unexpected error: [WinError 2] The system cannot find the file specified
2025-07-14 20:01:03,237 - 2025-07-14 20:01:03 - No queue information received
2025-07-14 20:01:08,240 - Unexpected error: [WinError 2] The system cannot find the file specified
2025-07-14 20:01:08,240 - 2025-07-14 20:01:08 - No queue information received
2025-07-14 20:01:13,243 - Unexpected error: [WinError 2] The system cannot find the file specified
2025-07-14 20:01:13,243 - 2025-07-14 20:01:13 - No queue information received
2025-07-14 20:01:18,247 - Unexpected error: [WinError 2] The system cannot find the file specified
2025-07-14 20:01:18,247 - 2025-07-14 20:01:18 - No queue information received
2025-07-14 20:01:23,250 - Unexpected error: [WinError 2] The system cannot find the file specified
2025-07-14 20:01:23,250 - 2025-07-14 20:01:23 - No queue information received
2025-07-14 20:01:28,253 - Unexpected error: [WinError 2] The system cannot find the file specified
2025-07-14 20:01:28,253 - 2025-07-14 20:01:28 - No queue information received
2025-07-14 20:01:33,256 - Unexpected error: [WinError 2] The system cannot find the file specified
2025-07-14 20:01:33,257 - 2025-07-14 20:01:33 - No queue information received
2025-07-14 20:01:38,260 - Unexpected error: [WinError 2] The system cannot find the file specified
2025-07-14 20:01:38,260 - 2025-07-14 20:01:38 - No queue information received
2025-07-14 20:01:43,263 - Unexpected error: [WinError 2] The system cannot find the file specified
2025-07-14 20:01:43,263 - 2025-07-14 20:01:43 - No queue information received
2025-07-14 20:01:48,266 - Unexpected error: [WinError 2] The system cannot find the file specified
2025-07-14 20:01:48,266 - 2025-07-14 20:01:48 - No queue information received
2025-07-14 20:01:53,270 - Unexpected error: [WinError 2] The system cannot find the file specified
2025-07-14 20:01:53,270 - 2025-07-14 20:01:53 - No queue information received
2025-07-14 20:01:58,273 - Unexpected error: [WinError 2] The system cannot find the file specified
2025-07-14 20:01:58,273 - 2025-07-14 20:01:58 - No queue information received
2025-07-14 20:02:03,277 - Unexpected error: [WinError 2] The system cannot find the file specified
2025-07-14 20:02:03,277 - 2025-07-14 20:02:03 - No queue information received
2025-07-14 20:02:08,280 - Unexpected error: [WinError 2] The system cannot find the file specified
2025-07-14 20:02:08,281 - 2025-07-14 20:02:08 - No queue information received
2025-07-14 20:02:13,284 - Unexpected error: [WinError 2] The system cannot find the file specified
2025-07-14 20:02:13,284 - 2025-07-14 20:02:13 - No queue information received
2025-07-14 20:02:18,287 - Unexpected error: [WinError 2] The system cannot find the file specified
2025-07-14 20:02:18,287 - 2025-07-14 20:02:18 - No queue information received
2025-07-14 20:02:23,291 - Unexpected error: [WinError 2] The system cannot find the file specified
2025-07-14 20:02:23,291 - 2025-07-14 20:02:23 - No queue information received
2025-07-14 20:02:28,294 - Unexpected error: [WinError 2] The system cannot find the file specified
2025-07-14 20:02:28,295 - 2025-07-14 20:02:28 - No queue information received
2025-07-14 20:02:33,298 - Unexpected error: [WinError 2] The system cannot find the file specified
2025-07-14 20:02:33,298 - 2025-07-14 20:02:33 - No queue information received
2025-07-14 20:02:38,301 - Unexpected error: [WinError 2] The system cannot find the file specified
2025-07-14 20:02:38,302 - 2025-07-14 20:02:38 - No queue information received
2025-07-14 20:02:43,305 - Unexpected error: [WinError 2] The system cannot find the file specified
2025-07-14 20:02:43,305 - 2025-07-14 20:02:43 - No queue information received
2025-07-14 20:02:48,308 - Unexpected error: [WinError 2] The system cannot find the file specified
2025-07-14 20:02:48,308 - 2025-07-14 20:02:48 - No queue information received
2025-07-14 20:02:53,310 - Unexpected error: [WinError 2] The system cannot find the file specified
2025-07-14 20:02:53,311 - 2025-07-14 20:02:53 - No queue information received
2025-07-14 20:02:58,314 - Unexpected error: [WinError 2] The system cannot find the file specified
2025-07-14 20:02:58,314 - 2025-07-14 20:02:58 - No queue information received
2025-07-14 20:03:03,317 - Unexpected error: [WinError 2] The system cannot find the file specified
2025-07-14 20:03:03,317 - 2025-07-14 20:03:03 - No queue information received
2025-07-14 20:03:08,320 - Unexpected error: [WinError 2] The system cannot find the file specified
2025-07-14 20:03:08,321 - 2025-07-14 20:03:08 - No queue information received
2025-07-14 20:03:13,323 - Unexpected error: [WinError 2] The system cannot find the file specified
2025-07-14 20:03:13,324 - 2025-07-14 20:03:13 - No queue information received
2025-07-14 20:03:18,326 - Unexpected error: [WinError 2] The system cannot find the file specified
2025-07-14 20:03:18,327 - 2025-07-14 20:03:18 - No queue information received
2025-07-14 20:03:23,330 - Unexpected error: [WinError 2] The system cannot find the file specified
2025-07-14 20:03:23,330 - 2025-07-14 20:03:23 - No queue information received
2025-07-14 20:03:28,334 - Unexpected error: [WinError 2] The system cannot find the file specified
2025-07-14 20:03:28,334 - 2025-07-14 20:03:28 - No queue information received
2025-07-14 20:03:33,337 - Unexpected error: [WinError 2] The system cannot find the file specified
2025-07-14 20:03:33,338 - 2025-07-14 20:03:33 - No queue information received
2025-07-14 20:03:38,341 - Unexpected error: [WinError 2] The system cannot find the file specified
2025-07-14 20:03:38,341 - 2025-07-14 20:03:38 - No queue information received
2025-07-14 20:03:43,345 - Unexpected error: [WinError 2] The system cannot find the file specified
2025-07-14 20:03:43,345 - 2025-07-14 20:03:43 - No queue information received
2025-07-14 20:03:48,348 - Unexpected error: [WinError 2] The system cannot find the file specified
2025-07-14 20:03:48,348 - 2025-07-14 20:03:48 - No queue information received
2025-07-14 20:03:53,351 - Unexpected error: [WinError 2] The system cannot find the file specified
2025-07-14 20:03:53,351 - 2025-07-14 20:03:53 - No queue information received
